[1;94m┌───────────────────────────────────[08 Jul 2022 18:49:39]───────────────────────────────────┐
[1;94m│                 _                _____                      _                 _            │
[1;94m│     /\         (_)              |  __ \                    | |               | |           │
[1;94m│    /  \   _ __  _ _ __ ___   ___| |  | | _____      ___ __ | | ___   __ _  __| | ___ _ __  │
[1;94m│   / /\ \ | '_ \| | '_ ` _ \ / _ \ |  | |/ _ \ \ /\ / / '_ \| |/ _ \ / _` |/ _` |/ _ \ '__| │
[1;94m│  / ____ \| | | | | | | | | |  __/ |__| | (_) \ V  V /| | | | | (_) | (_| | (_| |  __/ |    │
[1;94m│ /_/    \_\_| |_|_|_| |_| |_|\___|_____/ \___/ \_/\_/ |_| |_|_|\___/ \__,_|\__,_|\___|_|    │
[1;94m│                                                                                            │
[1;94m└───────────────────────────────────────────1.8.0────────────────────────────────────────────┘[0m
✔️ 𝙎𝙊𝙉𝘼𝙍𝙍_𝙐𝙍𝙇: ████████████████████████
✔️ 𝘼𝙋𝙄_𝙆𝙀𝙔: ████████████████████████████████

⚙️ Intervallo Scan: 30 minuti.
⚙️ Sposta Episodi: ON.
⚙️ Rinomina Episodi: ON.
⚙️ Auto Ricerca Link: OFF.
⚙️ Livello del Log: DEBUG.

✔️ Server Avviato.

[90m╭───────────────────────────────────「08 Jul 2022 18:49:39」───────────────────────────────────╮[0m

[1;90m─ ─ ─ ─ ─ ─ ─ ─ ─ ─ ─ ─ ─ ─ ─ ─ ─ ─ ─ ─ ─ ─ ─ ─ ─ ─ ─ ─ ─ ─ ─ ─ ─ ─ ─ ─ ─ ─ ─ ─ ─ ─ ─ ─ ─ ─ ─ [0m

🔎 Ricerca anime 'Uncle From Another World' stagione 1.
🔎 Ricerca episodio 1.
⚠️ L'anime 'Isekai Ojisan' non è acora disponibile.

[1;90m─ ─ ─ ─ ─ ─ ─ ─ ─ ─ ─ ─ ─ ─ ─ ─ ─ ─ ─ ─ ─ ─ ─ ─ ─ ─ ─ ─ ─ ─ ─ ─ ─ ─ ─ ─ ─ ─ ─ ─ ─ ─ ─ ─ ─ ─ ─ [0m


[1;90m─ ─ ─ ─ ─ ─ ─ ─ ─ ─ ─ ─ ─ ─ ─ ─ ─ ─ ─ ─ ─ ─ ─ ─ ─ ─ ─ ─ ─ ─ ─ ─ ─ ─ ─ ─ ─ ─ ─ ─ ─ ─ ─ ─ ─ ─ ─ [0m

🔎 Ricerca anime 'Summer Time Rendering' stagione 1.
🔎 Ricerca episodio 13.

⚙️ Verifica se l'episodio 𝐒1𝐄13 è disponibile.
✖️ L'episodio NON è ancora uscito.

[1;90m─ ─ ─ ─ ─ ─ ─ ─ ─ ─ ─ ─ ─ ─ ─ ─ ─ ─ ─ ─ ─ ─ ─ ─ ─ ─ ─ ─ ─ ─ ─ ─ ─ ─ ─ ─ ─ ─ ─ ─ ─ ─ ─ ─ ─ ─ ─ [0m


[1;90m─ ─ ─ ─ ─ ─ ─ ─ ─ ─ ─ ─ ─ ─ ─ ─ ─ ─ ─ ─ ─ ─ ─ ─ ─ ─ ─ ─ ─ ─ ─ ─ ─ ─ ─ ─ ─ ─ ─ ─ ─ ─ ─ ─ ─ ─ ─ [0m

🔎 Ricerca anime 'Call of the Night' stagione 1.
🔎 Ricerca episodio 1.
⚠️ L'anime 'Yofukashi no Uta' non è acora disponibile.

[1;90m─ ─ ─ ─ ─ ─ ─ ─ ─ ─ ─ ─ ─ ─ ─ ─ ─ ─ ─ ─ ─ ─ ─ ─ ─ ─ ─ ─ ─ ─ ─ ─ ─ ─ ─ ─ ─ ─ ─ ─ ─ ─ ─ ─ ─ ─ ─ [0m


[1;90m─ ─ ─ ─ ─ ─ ─ ─ ─ ─ ─ ─ ─ ─ ─ ─ ─ ─ ─ ─ ─ ─ ─ ─ ─ ─ ─ ─ ─ ─ ─ ─ ─ ─ ─ ─ ─ ─ ─ ─ ─ ─ ─ ─ ─ ─ ─ [0m

🔎 Ricerca anime 'Shadows House' stagione 2.
🔎 Ricerca episodio 1.

⚙️ Verifica se l'episodio 𝐒2𝐄1 è disponibile.
✔️ L'episodio è disponibile.
⏳ Download episodio 𝐒2𝐄1.
✔️ Dowload Completato.
⏳ Spostamento episodio 𝐒2𝐄1 in /tv/Anime/Shadows House.
✔️ Episodio spostato.
⏳ Ricaricando la serie 'Shadows House'.
⏳ Rinominando l'episodio.
✔️ Episodio rinominato.
✉️ Inviando il messaggio tramite 𝗰𝗼𝗻𝗻𝗲𝗰𝘁𝗶𝗼𝗻𝘀.

[1;90m─ ─ ─ ─ ─ ─ ─ ─ ─ ─ ─ ─ ─ ─ ─ ─ ─ ─ ─ ─ ─ ─ ─ ─ ─ ─ ─ ─ ─ ─ ─ ─ ─ ─ ─ ─ ─ ─ ─ ─ ─ ─ ─ ─ ─ ─ ─ [0m


[90m╰───────────────────────────────────「08 Jul 2022 19:22:50」───────────────────────────────────╯[0m


[90m╭───────────────────────────────────「08 Jul 2022 19:22:51」───────────────────────────────────╮[0m
❌ La 𝘴𝘦𝘳𝘪𝘦 'Rent-a-Girlfriend' non esiste nella 𝗧𝗮𝗯𝗲𝗹𝗹𝗮 𝗗𝗶 𝗖𝗼𝗻𝘃𝗲𝗿𝘀𝗶𝗼𝗻𝗲.

[1;90m─ ─ ─ ─ ─ ─ ─ ─ ─ ─ ─ ─ ─ ─ ─ ─ ─ ─ ─ ─ ─ ─ ─ ─ ─ ─ ─ ─ ─ ─ ─ ─ ─ ─ ─ ─ ─ ─ ─ ─ ─ ─ ─ ─ ─ ─ ─ [0m

🔎 Ricerca anime 'Uncle From Another World' stagione 1.
🔎 Ricerca episodio 1.
⚠️ L'anime 'Isekai Ojisan' non è acora disponibile.

[1;90m─ ─ ─ ─ ─ ─ ─ ─ ─ ─ ─ ─ ─ ─ ─ ─ ─ ─ ─ ─ ─ ─ ─ ─ ─ ─ ─ ─ ─ ─ ─ ─ ─ ─ ─ ─ ─ ─ ─ ─ ─ ─ ─ ─ ─ ─ ─ [0m


[1;90m─ ─ ─ ─ ─ ─ ─ ─ ─ ─ ─ ─ ─ ─ ─ ─ ─ ─ ─ ─ ─ ─ ─ ─ ─ ─ ─ ─ ─ ─ ─ ─ ─ ─ ─ ─ ─ ─ ─ ─ ─ ─ ─ ─ ─ ─ ─ [0m

🔎 Ricerca anime 'Summer Time Rendering' stagione 1.
🔎 Ricerca episodio 13.

⚙️ Verifica se l'episodio 𝐒1𝐄13 è disponibile.
✖️ L'episodio NON è ancora uscito.

[1;90m─ ─ ─ ─ ─ ─ ─ ─ ─ ─ ─ ─ ─ ─ ─ ─ ─ ─ ─ ─ ─ ─ ─ ─ ─ ─ ─ ─ ─ ─ ─ ─ ─ ─ ─ ─ ─ ─ ─ ─ ─ ─ ─ ─ ─ ─ ─ [0m


[1;90m─ ─ ─ ─ ─ ─ ─ ─ ─ ─ ─ ─ ─ ─ ─ ─ ─ ─ ─ ─ ─ ─ ─ ─ ─ ─ ─ ─ ─ ─ ─ ─ ─ ─ ─ ─ ─ ─ ─ ─ ─ ─ ─ ─ ─ ─ ─ [0m

🔎 Ricerca anime 'Call of the Night' stagione 1.
🔎 Ricerca episodio 1.
⚠️ L'anime 'Yofukashi no Uta' non è acora disponibile.

[1;90m─ ─ ─ ─ ─ ─ ─ ─ ─ ─ ─ ─ ─ ─ ─ ─ ─ ─ ─ ─ ─ ─ ─ ─ ─ ─ ─ ─ ─ ─ ─ ─ ─ ─ ─ ─ ─ ─ ─ ─ ─ ─ ─ ─ ─ ─ ─ [0m


[90m╰───────────────────────────────────「08 Jul 2022 19:52:53」───────────────────────────────────╯[0m


[90m╭───────────────────────────────────「08 Jul 2022 19:52:54」───────────────────────────────────╮[0m
❌ La 𝘴𝘦𝘳𝘪𝘦 'Rent-a-Girlfriend' non esiste nella 𝗧𝗮𝗯𝗲𝗹𝗹𝗮 𝗗𝗶 𝗖𝗼𝗻𝘃𝗲𝗿𝘀𝗶𝗼𝗻𝗲.

[1;90m─ ─ ─ ─ ─ ─ ─ ─ ─ ─ ─ ─ ─ ─ ─ ─ ─ ─ ─ ─ ─ ─ ─ ─ ─ ─ ─ ─ ─ ─ ─ ─ ─ ─ ─ ─ ─ ─ ─ ─ ─ ─ ─ ─ ─ ─ ─ [0m

🔎 Ricerca anime 'Uncle From Another World' stagione 1.
🔎 Ricerca episodio 1.
⚠️ L'anime 'Isekai Ojisan' non è acora disponibile.

[1;90m─ ─ ─ ─ ─ ─ ─ ─ ─ ─ ─ ─ ─ ─ ─ ─ ─ ─ ─ ─ ─ ─ ─ ─ ─ ─ ─ ─ ─ ─ ─ ─ ─ ─ ─ ─ ─ ─ ─ ─ ─ ─ ─ ─ ─ ─ ─ [0m


[1;90m─ ─ ─ ─ ─ ─ ─ ─ ─ ─ ─ ─ ─ ─ ─ ─ ─ ─ ─ ─ ─ ─ ─ ─ ─ ─ ─ ─ ─ ─ ─ ─ ─ ─ ─ ─ ─ ─ ─ ─ ─ ─ ─ ─ ─ ─ ─ [0m

🔎 Ricerca anime 'Summer Time Rendering' stagione 1.
🔎 Ricerca episodio 13.

⚙️ Verifica se l'episodio 𝐒1𝐄13 è disponibile.
✖️ L'episodio NON è ancora uscito.

[1;90m─ ─ ─ ─ ─ ─ ─ ─ ─ ─ ─ ─ ─ ─ ─ ─ ─ ─ ─ ─ ─ ─ ─ ─ ─ ─ ─ ─ ─ ─ ─ ─ ─ ─ ─ ─ ─ ─ ─ ─ ─ ─ ─ ─ ─ ─ ─ [0m


[1;90m─ ─ ─ ─ ─ ─ ─ ─ ─ ─ ─ ─ ─ ─ ─ ─ ─ ─ ─ ─ ─ ─ ─ ─ ─ ─ ─ ─ ─ ─ ─ ─ ─ ─ ─ ─ ─ ─ ─ ─ ─ ─ ─ ─ ─ ─ ─ [0m

🔎 Ricerca anime 'Call of the Night' stagione 1.
🔎 Ricerca episodio 1.
⚠️ L'anime 'Yofukashi no Uta' non è acora disponibile.

[1;90m─ ─ ─ ─ ─ ─ ─ ─ ─ ─ ─ ─ ─ ─ ─ ─ ─ ─ ─ ─ ─ ─ ─ ─ ─ ─ ─ ─ ─ ─ ─ ─ ─ ─ ─ ─ ─ ─ ─ ─ ─ ─ ─ ─ ─ ─ ─ [0m


[90m╰───────────────────────────────────「08 Jul 2022 20:22:58」───────────────────────────────────╯[0m


[90m╭───────────────────────────────────「08 Jul 2022 20:22:59」───────────────────────────────────╮[0m
❌ La 𝘴𝘦𝘳𝘪𝘦 'Rent-a-Girlfriend' non esiste nella 𝗧𝗮𝗯𝗲𝗹𝗹𝗮 𝗗𝗶 𝗖𝗼𝗻𝘃𝗲𝗿𝘀𝗶𝗼𝗻𝗲.

[1;90m─ ─ ─ ─ ─ ─ ─ ─ ─ ─ ─ ─ ─ ─ ─ ─ ─ ─ ─ ─ ─ ─ ─ ─ ─ ─ ─ ─ ─ ─ ─ ─ ─ ─ ─ ─ ─ ─ ─ ─ ─ ─ ─ ─ ─ ─ ─ [0m

🔎 Ricerca anime 'Uncle From Another World' stagione 1.
🔎 Ricerca episodio 1.
⚠️ L'anime 'Isekai Ojisan' non è acora disponibile.

[1;90m─ ─ ─ ─ ─ ─ ─ ─ ─ ─ ─ ─ ─ ─ ─ ─ ─ ─ ─ ─ ─ ─ ─ ─ ─ ─ ─ ─ ─ ─ ─ ─ ─ ─ ─ ─ ─ ─ ─ ─ ─ ─ ─ ─ ─ ─ ─ [0m


[1;90m─ ─ ─ ─ ─ ─ ─ ─ ─ ─ ─ ─ ─ ─ ─ ─ ─ ─ ─ ─ ─ ─ ─ ─ ─ ─ ─ ─ ─ ─ ─ ─ ─ ─ ─ ─ ─ ─ ─ ─ ─ ─ ─ ─ ─ ─ ─ [0m

🔎 Ricerca anime 'Summer Time Rendering' stagione 1.
🔎 Ricerca episodio 13.

⚙️ Verifica se l'episodio 𝐒1𝐄13 è disponibile.
✖️ L'episodio NON è ancora uscito.

[1;90m─ ─ ─ ─ ─ ─ ─ ─ ─ ─ ─ ─ ─ ─ ─ ─ ─ ─ ─ ─ ─ ─ ─ ─ ─ ─ ─ ─ ─ ─ ─ ─ ─ ─ ─ ─ ─ ─ ─ ─ ─ ─ ─ ─ ─ ─ ─ [0m


[1;90m─ ─ ─ ─ ─ ─ ─ ─ ─ ─ ─ ─ ─ ─ ─ ─ ─ ─ ─ ─ ─ ─ ─ ─ ─ ─ ─ ─ ─ ─ ─ ─ ─ ─ ─ ─ ─ ─ ─ ─ ─ ─ ─ ─ ─ ─ ─ [0m

🔎 Ricerca anime 'Call of the Night' stagione 1.
🔎 Ricerca episodio 1.
⚠️ L'anime 'Yofukashi no Uta' non è acora disponibile.

[1;90m─ ─ ─ ─ ─ ─ ─ ─ ─ ─ ─ ─ ─ ─ ─ ─ ─ ─ ─ ─ ─ ─ ─ ─ ─ ─ ─ ─ ─ ─ ─ ─ ─ ─ ─ ─ ─ ─ ─ ─ ─ ─ ─ ─ ─ ─ ─ [0m


[90m╰───────────────────────────────────「08 Jul 2022 20:53:02」───────────────────────────────────╯[0m


[90m╭───────────────────────────────────「08 Jul 2022 20:53:03」───────────────────────────────────╮[0m
❌ La 𝘴𝘦𝘳𝘪𝘦 'Rent-a-Girlfriend' non esiste nella 𝗧𝗮𝗯𝗲𝗹𝗹𝗮 𝗗𝗶 𝗖𝗼𝗻𝘃𝗲𝗿𝘀𝗶𝗼𝗻𝗲.

[1;90m─ ─ ─ ─ ─ ─ ─ ─ ─ ─ ─ ─ ─ ─ ─ ─ ─ ─ ─ ─ ─ ─ ─ ─ ─ ─ ─ ─ ─ ─ ─ ─ ─ ─ ─ ─ ─ ─ ─ ─ ─ ─ ─ ─ ─ ─ ─ [0m

🔎 Ricerca anime 'Uncle From Another World' stagione 1.
🔎 Ricerca episodio 1.
⚠️ L'anime 'Isekai Ojisan' non è acora disponibile.

[1;90m─ ─ ─ ─ ─ ─ ─ ─ ─ ─ ─ ─ ─ ─ ─ ─ ─ ─ ─ ─ ─ ─ ─ ─ ─ ─ ─ ─ ─ ─ ─ ─ ─ ─ ─ ─ ─ ─ ─ ─ ─ ─ ─ ─ ─ ─ ─ [0m


[1;90m─ ─ ─ ─ ─ ─ ─ ─ ─ ─ ─ ─ ─ ─ ─ ─ ─ ─ ─ ─ ─ ─ ─ ─ ─ ─ ─ ─ ─ ─ ─ ─ ─ ─ ─ ─ ─ ─ ─ ─ ─ ─ ─ ─ ─ ─ ─ [0m

🔎 Ricerca anime 'Summer Time Rendering' stagione 1.
🔎 Ricerca episodio 13.

⚙️ Verifica se l'episodio 𝐒1𝐄13 è disponibile.
✖️ L'episodio NON è ancora uscito.

[1;90m─ ─ ─ ─ ─ ─ ─ ─ ─ ─ ─ ─ ─ ─ ─ ─ ─ ─ ─ ─ ─ ─ ─ ─ ─ ─ ─ ─ ─ ─ ─ ─ ─ ─ ─ ─ ─ ─ ─ ─ ─ ─ ─ ─ ─ ─ ─ [0m


[1;90m─ ─ ─ ─ ─ ─ ─ ─ ─ ─ ─ ─ ─ ─ ─ ─ ─ ─ ─ ─ ─ ─ ─ ─ ─ ─ ─ ─ ─ ─ ─ ─ ─ ─ ─ ─ ─ ─ ─ ─ ─ ─ ─ ─ ─ ─ ─ [0m

🔎 Ricerca anime 'Call of the Night' stagione 1.
🔎 Ricerca episodio 1.
⚠️ L'anime 'Yofukashi no Uta' non è acora disponibile.

[1;90m─ ─ ─ ─ ─ ─ ─ ─ ─ ─ ─ ─ ─ ─ ─ ─ ─ ─ ─ ─ ─ ─ ─ ─ ─ ─ ─ ─ ─ ─ ─ ─ ─ ─ ─ ─ ─ ─ ─ ─ ─ ─ ─ ─ ─ ─ ─ [0m


[90m╰───────────────────────────────────「08 Jul 2022 21:23:06」───────────────────────────────────╯[0m


[90m╭───────────────────────────────────「08 Jul 2022 21:23:07」───────────────────────────────────╮[0m
❌ La 𝘴𝘦𝘳𝘪𝘦 'Rent-a-Girlfriend' non esiste nella 𝗧𝗮𝗯𝗲𝗹𝗹𝗮 𝗗𝗶 𝗖𝗼𝗻𝘃𝗲𝗿𝘀𝗶𝗼𝗻𝗲.

[1;90m─ ─ ─ ─ ─ ─ ─ ─ ─ ─ ─ ─ ─ ─ ─ ─ ─ ─ ─ ─ ─ ─ ─ ─ ─ ─ ─ ─ ─ ─ ─ ─ ─ ─ ─ ─ ─ ─ ─ ─ ─ ─ ─ ─ ─ ─ ─ [0m

🔎 Ricerca anime 'Uncle From Another World' stagione 1.
🔎 Ricerca episodio 1.
⚠️ L'anime 'Isekai Ojisan' non è acora disponibile.

[1;90m─ ─ ─ ─ ─ ─ ─ ─ ─ ─ ─ ─ ─ ─ ─ ─ ─ ─ ─ ─ ─ ─ ─ ─ ─ ─ ─ ─ ─ ─ ─ ─ ─ ─ ─ ─ ─ ─ ─ ─ ─ ─ ─ ─ ─ ─ ─ [0m


[1;90m─ ─ ─ ─ ─ ─ ─ ─ ─ ─ ─ ─ ─ ─ ─ ─ ─ ─ ─ ─ ─ ─ ─ ─ ─ ─ ─ ─ ─ ─ ─ ─ ─ ─ ─ ─ ─ ─ ─ ─ ─ ─ ─ ─ ─ ─ ─ [0m

🔎 Ricerca anime 'Summer Time Rendering' stagione 1.
🔎 Ricerca episodio 13.

⚙️ Verifica se l'episodio 𝐒1𝐄13 è disponibile.
✖️ L'episodio NON è ancora uscito.

[1;90m─ ─ ─ ─ ─ ─ ─ ─ ─ ─ ─ ─ ─ ─ ─ ─ ─ ─ ─ ─ ─ ─ ─ ─ ─ ─ ─ ─ ─ ─ ─ ─ ─ ─ ─ ─ ─ ─ ─ ─ ─ ─ ─ ─ ─ ─ ─ [0m


[1;90m─ ─ ─ ─ ─ ─ ─ ─ ─ ─ ─ ─ ─ ─ ─ ─ ─ ─ ─ ─ ─ ─ ─ ─ ─ ─ ─ ─ ─ ─ ─ ─ ─ ─ ─ ─ ─ ─ ─ ─ ─ ─ ─ ─ ─ ─ ─ [0m

🔎 Ricerca anime 'Call of the Night' stagione 1.
🔎 Ricerca episodio 1.
⚠️ L'anime 'Yofukashi no Uta' non è acora disponibile.

[1;90m─ ─ ─ ─ ─ ─ ─ ─ ─ ─ ─ ─ ─ ─ ─ ─ ─ ─ ─ ─ ─ ─ ─ ─ ─ ─ ─ ─ ─ ─ ─ ─ ─ ─ ─ ─ ─ ─ ─ ─ ─ ─ ─ ─ ─ ─ ─ [0m


[90m╰───────────────────────────────────「08 Jul 2022 21:53:10」───────────────────────────────────╯[0m


[90m╭───────────────────────────────────「08 Jul 2022 21:53:10」───────────────────────────────────╮[0m
❌ La 𝘴𝘦𝘳𝘪𝘦 'Rent-a-Girlfriend' non esiste nella 𝗧𝗮𝗯𝗲𝗹𝗹𝗮 𝗗𝗶 𝗖𝗼𝗻𝘃𝗲𝗿𝘀𝗶𝗼𝗻𝗲.

[1;90m─ ─ ─ ─ ─ ─ ─ ─ ─ ─ ─ ─ ─ ─ ─ ─ ─ ─ ─ ─ ─ ─ ─ ─ ─ ─ ─ ─ ─ ─ ─ ─ ─ ─ ─ ─ ─ ─ ─ ─ ─ ─ ─ ─ ─ ─ ─ [0m

🔎 Ricerca anime 'Uncle From Another World' stagione 1.
🔎 Ricerca episodio 1.
⚠️ L'anime 'Isekai Ojisan' non è acora disponibile.

[1;90m─ ─ ─ ─ ─ ─ ─ ─ ─ ─ ─ ─ ─ ─ ─ ─ ─ ─ ─ ─ ─ ─ ─ ─ ─ ─ ─ ─ ─ ─ ─ ─ ─ ─ ─ ─ ─ ─ ─ ─ ─ ─ ─ ─ ─ ─ ─ [0m


[1;90m─ ─ ─ ─ ─ ─ ─ ─ ─ ─ ─ ─ ─ ─ ─ ─ ─ ─ ─ ─ ─ ─ ─ ─ ─ ─ ─ ─ ─ ─ ─ ─ ─ ─ ─ ─ ─ ─ ─ ─ ─ ─ ─ ─ ─ ─ ─ [0m

🔎 Ricerca anime 'Summer Time Rendering' stagione 1.
🔎 Ricerca episodio 13.

⚙️ Verifica se l'episodio 𝐒1𝐄13 è disponibile.
✖️ L'episodio NON è ancora uscito.

[1;90m─ ─ ─ ─ ─ ─ ─ ─ ─ ─ ─ ─ ─ ─ ─ ─ ─ ─ ─ ─ ─ ─ ─ ─ ─ ─ ─ ─ ─ ─ ─ ─ ─ ─ ─ ─ ─ ─ ─ ─ ─ ─ ─ ─ ─ ─ ─ [0m


[1;90m─ ─ ─ ─ ─ ─ ─ ─ ─ ─ ─ ─ ─ ─ ─ ─ ─ ─ ─ ─ ─ ─ ─ ─ ─ ─ ─ ─ ─ ─ ─ ─ ─ ─ ─ ─ ─ ─ ─ ─ ─ ─ ─ ─ ─ ─ ─ [0m

🔎 Ricerca anime 'Call of the Night' stagione 1.
🔎 Ricerca episodio 1.
⚠️ L'anime 'Yofukashi no Uta' non è acora disponibile.

[1;90m─ ─ ─ ─ ─ ─ ─ ─ ─ ─ ─ ─ ─ ─ ─ ─ ─ ─ ─ ─ ─ ─ ─ ─ ─ ─ ─ ─ ─ ─ ─ ─ ─ ─ ─ ─ ─ ─ ─ ─ ─ ─ ─ ─ ─ ─ ─ [0m


[90m╰───────────────────────────────────「08 Jul 2022 22:23:13」───────────────────────────────────╯[0m


[90m╭───────────────────────────────────「08 Jul 2022 22:23:14」───────────────────────────────────╮[0m
❌ La 𝘴𝘦𝘳𝘪𝘦 'Rent-a-Girlfriend' non esiste nella 𝗧𝗮𝗯𝗲𝗹𝗹𝗮 𝗗𝗶 𝗖𝗼𝗻𝘃𝗲𝗿𝘀𝗶𝗼𝗻𝗲.

[1;90m─ ─ ─ ─ ─ ─ ─ ─ ─ ─ ─ ─ ─ ─ ─ ─ ─ ─ ─ ─ ─ ─ ─ ─ ─ ─ ─ ─ ─ ─ ─ ─ ─ ─ ─ ─ ─ ─ ─ ─ ─ ─ ─ ─ ─ ─ ─ [0m

🔎 Ricerca anime 'Uncle From Another World' stagione 1.
🔎 Ricerca episodio 1.
⚠️ L'anime 'Isekai Ojisan' non è acora disponibile.

[1;90m─ ─ ─ ─ ─ ─ ─ ─ ─ ─ ─ ─ ─ ─ ─ ─ ─ ─ ─ ─ ─ ─ ─ ─ ─ ─ ─ ─ ─ ─ ─ ─ ─ ─ ─ ─ ─ ─ ─ ─ ─ ─ ─ ─ ─ ─ ─ [0m


[1;90m─ ─ ─ ─ ─ ─ ─ ─ ─ ─ ─ ─ ─ ─ ─ ─ ─ ─ ─ ─ ─ ─ ─ ─ ─ ─ ─ ─ ─ ─ ─ ─ ─ ─ ─ ─ ─ ─ ─ ─ ─ ─ ─ ─ ─ ─ ─ [0m

🔎 Ricerca anime 'Summer Time Rendering' stagione 1.
🔎 Ricerca episodio 13.

⚙️ Verifica se l'episodio 𝐒1𝐄13 è disponibile.
✖️ L'episodio NON è ancora uscito.

[1;90m─ ─ ─ ─ ─ ─ ─ ─ ─ ─ ─ ─ ─ ─ ─ ─ ─ ─ ─ ─ ─ ─ ─ ─ ─ ─ ─ ─ ─ ─ ─ ─ ─ ─ ─ ─ ─ ─ ─ ─ ─ ─ ─ ─ ─ ─ ─ [0m


[1;90m─ ─ ─ ─ ─ ─ ─ ─ ─ ─ ─ ─ ─ ─ ─ ─ ─ ─ ─ ─ ─ ─ ─ ─ ─ ─ ─ ─ ─ ─ ─ ─ ─ ─ ─ ─ ─ ─ ─ ─ ─ ─ ─ ─ ─ ─ ─ [0m

🔎 Ricerca anime 'Call of the Night' stagione 1.
🔎 Ricerca episodio 1.

⚙️ Verifica se l'episodio 𝐒1𝐄1 è disponibile.
✔️ L'episodio è disponibile.
⏳ Download episodio 𝐒1𝐄1.
